[20Aug2024 06:51:48.853] [main/INFO] [cpw.mods.modlauncher.Launcher/MODLAUNCHER]: ModLauncher running: args [--launchTarget, forgeclientuserdev, --version, 21.0.37-beta, --assetIndex, 17, --assetsDir, /home/leon/.gradle/caches/neoformruntime/assets, --gameDir, ., --fml.neoForgeVersion, 21.0.37-beta, --fml.fmlVersion, 4.0.6, --fml.mcVersion, 1.21, --fml.neoFormVersion, 20240613.152323]
[20Aug2024 06:51:48.855] [main/INFO] [cpw.mods.modlauncher.Launcher/MODLAUNCHER]: JVM identified as Amazon.com Inc. OpenJDK 64-Bit Server VM 21.0.4+7-LTS
[20Aug2024 06:51:48.856] [main/INFO] [cpw.mods.modlauncher.Launcher/MODLAUNCHER]: ModLauncher 11.0.3+main.0f24dec3 starting: java version 21.0.4 by Amazon.com Inc.; OS Linux arch amd64 version 6.10.5-1-liquorix-amd64
[20Aug2024 06:51:48.924] [main/INFO] [net.neoforged.fml.loading.ImmediateWindowHandler/]: Loading ImmediateWindowProvider fmlearlywindow
[20Aug2024 06:51:49.001] [main/INFO] [EARLYDISPLAY/]: Trying GL version 4.6
[20Aug2024 06:51:49.118] [main/INFO] [EARLYDISPLAY/]: Requested GL version 4.6 got version 4.6
[20Aug2024 06:51:49.187] [main/INFO] [mixin/]: SpongePowered MIXIN Subsystem Version=0.8.5 Source=union:/home/leon/.gradle/caches/modules-2/files-2.1/net.fabricmc/sponge-mixin/0.13.4+mixin.0.8.5/8adf0cff1795a169141b9e16ad7b9f6e2527a990/sponge-mixin-0.13.4+mixin.0.8.5.jar%23119!/ Service=ModLauncher Env=CLIENT
[20Aug2024 06:51:49.401] [pool-2-thread-1/INFO] [EARLYDISPLAY/]: GL info: NVIDIA GeForce GTX 1070 Ti/PCIe/SSE2 GL version 4.6.0 NVIDIA 555.58.02, NVIDIA Corporation
[20Aug2024 06:51:49.443] [main/INFO] [net.neoforged.fml.loading.moddiscovery.locators.JarInJarDependencyLocator/]: Found 1 dependencies adding them to mods collection
[20Aug2024 06:51:49.557] [main/INFO] [net.neoforged.fml.loading.FMLServiceProvider/CORE]: Loading coremod script-engine for [neoforge]
[20Aug2024 06:51:50.115] [main/INFO] [cpw.mods.modlauncher.LaunchServiceHandler/MODLAUNCHER]: Launching target 'forgeclientuserdev' with arguments [--version, 21.0.37-beta, --gameDir, ., --assetsDir, /home/leon/.gradle/caches/neoformruntime/assets, --assetIndex, 17]
[20Aug2024 06:51:50.928] [Datafixer Bootstrap/INFO] [com.mojang.datafixers.DataFixerBuilder/]: 229 Datafixer optimizations took 186 milliseconds
[20Aug2024 06:51:54.544] [main/WARN] [net.minecraft.commands.Commands/]: Ambiguity between arguments [teleport, location] and [teleport, destination] with inputs: [0.1 -0.5 .9, 0 0 0]
[20Aug2024 06:51:54.546] [main/WARN] [net.minecraft.commands.Commands/]: Ambiguity between arguments [teleport, location] and [teleport, targets] with inputs: [0.1 -0.5 .9, 0 0 0]
[20Aug2024 06:51:54.548] [main/WARN] [net.minecraft.commands.Commands/]: Ambiguity between arguments [teleport, destination] and [teleport, targets] with inputs: [Player, 0123, @e, dd12be42-52a9-4a91-a8a1-11c01849e498]
[20Aug2024 06:51:54.549] [main/WARN] [net.minecraft.commands.Commands/]: Ambiguity between arguments [teleport, targets] and [teleport, destination] with inputs: [Player, 0123, dd12be42-52a9-4a91-a8a1-11c01849e498]
[20Aug2024 06:51:54.549] [main/WARN] [net.minecraft.commands.Commands/]: Ambiguity between arguments [teleport, targets, location] and [teleport, targets, destination] with inputs: [0.1 -0.5 .9, 0 0 0]
[20Aug2024 06:51:54.624] [Render thread/WARN] [net.minecraft.server.packs.VanillaPackResourcesBuilder/]: Assets URL 'union:/home/leon/Development/Minecraft/1.21.1/MachineMusePowersuits/powersuits/build/moddev/artifacts/neoforge-21.0.37-beta-minecraft-merged.jar%23173!/assets/.mcassetsroot' uses unexpected schema
[20Aug2024 06:51:54.625] [Render thread/WARN] [net.minecraft.server.packs.VanillaPackResourcesBuilder/]: Assets URL 'union:/home/leon/Development/Minecraft/1.21.1/MachineMusePowersuits/powersuits/build/moddev/artifacts/neoforge-21.0.37-beta-minecraft-merged.jar%23173!/data/.mcassetsroot' uses unexpected schema
[20Aug2024 06:51:54.639] [Render thread/INFO] [com.mojang.authlib.yggdrasil.YggdrasilAuthenticationService/]: Environment: Environment[sessionHost=https://sessionserver.mojang.com, servicesHost=https://api.minecraftservices.com, name=PROD]
[20Aug2024 06:51:54.644] [Render thread/INFO] [net.minecraft.client.Minecraft/]: Setting user: Dev
[20Aug2024 06:51:54.686] [Render thread/INFO] [net.minecraft.client.Minecraft/]: Backend library: LWJGL version 3.3.3+5
[20Aug2024 06:51:54.932] [modloading-worker-0/INFO] [net.neoforged.neoforge.common.NeoForgeMod/NEOFORGE-MOD]: NeoForge mod loading, version 21.0.37-beta, for MC 1.21
[20Aug2024 06:51:55.337] [Render thread/INFO] [net.neoforged.neoforge.gametest.GameTestHooks/]: Enabled Gametest Namespaces: []
[20Aug2024 06:51:55.423] [Render thread/INFO] [net.minecraft.server.packs.resources.ReloadableResourceManager/]: Reloading ResourceManager: vanilla, mod_resources, mod/powersuits, mod/neoforge, mod/numina
[20Aug2024 06:51:55.478] [Worker-Main-3/INFO] [net.minecraft.client.gui.font.providers.UnihexProvider/]: Found unifont_all_no_pua-15.1.05.hex, loading
[20Aug2024 06:51:55.509] [Render thread/WARN] [net.neoforged.neoforge.common.ModConfigSpec/CORE]: Configuration file /home/leon/Development/Minecraft/1.21.1/MachineMusePowersuits/powersuits/run/config/neoforge-client.toml is not correct. Correcting
[20Aug2024 06:51:55.513] [Render thread/WARN] [net.neoforged.neoforge.common.ModConfigSpec/CORE]: Incorrect key client was corrected from null to its default, SimpleCommentedConfig:{}. 
[20Aug2024 06:51:55.513] [Render thread/WARN] [net.neoforged.neoforge.common.ModConfigSpec/CORE]: Incorrect key client.experimentalForgeLightPipelineEnabled was corrected from null to its default, false. 
[20Aug2024 06:51:55.513] [Render thread/WARN] [net.neoforged.neoforge.common.ModConfigSpec/CORE]: Incorrect key client.showLoadWarnings was corrected from null to its default, true. 
[20Aug2024 06:51:55.514] [Render thread/WARN] [net.neoforged.neoforge.common.ModConfigSpec/CORE]: Incorrect key client.useCombinedDepthStencilAttachment was corrected from null to its default, false. 
[20Aug2024 06:51:55.525] [Render thread/WARN] [net.neoforged.neoforge.common.ModConfigSpec/CORE]: Configuration file /home/leon/Development/Minecraft/1.21.1/MachineMusePowersuits/powersuits/run/config/neoforge-common.toml is not correct. Correcting
[20Aug2024 06:51:55.525] [Render thread/WARN] [net.neoforged.neoforge.common.ModConfigSpec/CORE]: Incorrect key general was corrected from null to its default, SimpleCommentedConfig:{}. 
[20Aug2024 06:51:55.525] [Render thread/WARN] [net.neoforged.neoforge.common.ModConfigSpec/CORE]: Incorrect key general.logUntranslatedItemTagWarnings was corrected from null to its default, SILENCED. 
[20Aug2024 06:51:55.528] [Render thread/WARN] [net.neoforged.neoforge.common.ModConfigSpec/CORE]: Incorrect key general.logLegacyTagWarnings was corrected from null to its default, DEV_SHORT. 
[20Aug2024 06:51:55.562] [Worker-Main-8/INFO] [net.minecraft.client.gui.font.providers.UnihexProvider/]: Found unifont_jp_patch-15.1.05.hex, loading
[20Aug2024 06:51:56.648] [Render thread/WARN] [net.minecraft.client.sounds.SoundEngine/]: Missing sound for event: minecraft:item.goat_horn.play
[20Aug2024 06:51:56.649] [Render thread/WARN] [net.minecraft.client.sounds.SoundEngine/]: Missing sound for event: minecraft:entity.goat.screaming.horn_break
[20Aug2024 06:51:56.710] [Render thread/INFO] [com.mojang.blaze3d.audio.Library/]: OpenAL initialized on device USB-BH209A Analog Stereo
[20Aug2024 06:51:56.711] [Render thread/INFO] [net.minecraft.client.sounds.SoundEngine/SOUNDS]: Sound engine started
[20Aug2024 06:51:56.795] [Render thread/INFO] [net.minecraft.client.renderer.texture.TextureAtlas/]: Created: 1024x512x4 minecraft:textures/atlas/blocks.png-atlas
[20Aug2024 06:51:56.803] [Render thread/INFO] [net.minecraft.client.renderer.texture.TextureAtlas/]: Created: 256x256x4 minecraft:textures/atlas/signs.png-atlas
[20Aug2024 06:51:56.803] [Render thread/INFO] [net.minecraft.client.renderer.texture.TextureAtlas/]: Created: 512x512x4 minecraft:textures/atlas/banner_patterns.png-atlas
[20Aug2024 06:51:56.804] [Render thread/INFO] [net.minecraft.client.renderer.texture.TextureAtlas/]: Created: 512x512x4 minecraft:textures/atlas/shield_patterns.png-atlas
[20Aug2024 06:51:56.804] [Render thread/INFO] [net.minecraft.client.renderer.texture.TextureAtlas/]: Created: 1024x1024x4 minecraft:textures/atlas/armor_trims.png-atlas
[20Aug2024 06:51:56.808] [Render thread/INFO] [net.minecraft.client.renderer.texture.TextureAtlas/]: Created: 256x256x4 minecraft:textures/atlas/chest.png-atlas
[20Aug2024 06:51:56.808] [Render thread/INFO] [net.minecraft.client.renderer.texture.TextureAtlas/]: Created: 128x64x4 minecraft:textures/atlas/decorated_pot.png-atlas
[20Aug2024 06:51:56.808] [Render thread/INFO] [net.minecraft.client.renderer.texture.TextureAtlas/]: Created: 512x256x4 minecraft:textures/atlas/shulker_boxes.png-atlas
[20Aug2024 06:51:56.809] [Render thread/INFO] [net.minecraft.client.renderer.texture.TextureAtlas/]: Created: 512x256x4 minecraft:textures/atlas/beds.png-atlas
[20Aug2024 06:51:56.946] [Render thread/INFO] [net.minecraft.client.renderer.texture.TextureAtlas/]: Created: 512x256x0 minecraft:textures/atlas/particles.png-atlas
[20Aug2024 06:51:56.947] [Render thread/INFO] [net.minecraft.client.renderer.texture.TextureAtlas/]: Created: 512x256x0 minecraft:textures/atlas/paintings.png-atlas
[20Aug2024 06:51:56.948] [Render thread/INFO] [net.minecraft.client.renderer.texture.TextureAtlas/]: Created: 256x128x0 minecraft:textures/atlas/mob_effects.png-atlas
[20Aug2024 06:51:56.948] [Render thread/INFO] [net.minecraft.client.renderer.texture.TextureAtlas/]: Created: 64x64x0 minecraft:textures/atlas/map_decorations.png-atlas
[20Aug2024 06:51:56.948] [Render thread/INFO] [net.minecraft.client.renderer.texture.TextureAtlas/]: Created: 1024x512x0 minecraft:textures/atlas/gui.png-atlas
[20Aug2024 06:51:56.966] [Render thread/WARN] [net.minecraft.client.renderer.ShaderInstance/]: Shader rendertype_entity_translucent_emissive could not find sampler named Sampler2 in the specified shader program.
[20Aug2024 06:52:15.631] [Render thread/INFO] [net.minecraft.client.Minecraft/]: Stopping!
